<?xml version="1.0" encoding="UTF-8"?>
<!-- Generated by org.testng.reporters.JUnitReportReporter -->
<testsuite skipped="0" hostname="DESKTOP-G2J1RLB" name="com.testCase.PedigreeTest" tests="1" failures="0" timestamp="2020-10-12T13:27:29 IST" time="49.260" errors="0">
  <testcase name="f" time="49.260" classname="com.testCase.PedigreeTest"/>
</testsuite> <!-- com.testCase.PedigreeTest -->
